<?xml version="1.0" encoding="UTF-8"?>
<!-- Generated by org.testng.reporters.JUnitReportReporter -->
<testsuite hostname="JAbl" failures="0" tests="1" name="app.TextUtilTestNgTest" time="0.005" errors="0" timestamp="2023-12-16T14:23:00 MSK" skipped="0">
  <testcase classname="app.TextUtilTestNgTest" name="toLowerCaseTest" time="0.005"/>
  <system-out/>
</testsuite> <!-- app.TextUtilTestNgTest -->
